<?xml version="1.0" encoding="UTF-8"?>
<testsuite xmlns:xsi="http://www.w3.org/2001/XMLSchema-instance" xsi:noNamespaceSchemaLocation="https://maven.apache.org/surefire/maven-surefire-plugin/xsd/surefire-test-report-3.0.xsd" version="3.0" name="com.stockpulse.ProductApiTest" time="0.298" tests="7" errors="0" skipped="0" failures="0">
  <properties>
[...]
</properties>
  <testcase name="testGetProductsListAndFiltering" classname="com.stockpulse.ProductApiTest" time="0.037">
    <system-out><![CDATA[2026-09-01T14:00:21.536+05:30  INFO 17668 --- [stockpulse] [           main] t.c.s.AnnotationConfigContextLoaderUtils : Could not detect default configuration classes for test class [com.stockpulse.ProductApiTest]: ProductApiTest does not declare any static, non-private, non-final, nested classes annotated with @Configuration.
2026-09-01T14:00:21.540+05:30  INFO 17668 --- [stockpulse] [           main] .b.t.c.SpringBootTestContextBootstrapper : Found @SpringBootConfiguration com.stockpulse.StockpulseBackendApplication for test class com.stockpulse.ProductApiTest
Hibernate: select p1_0.id,p1_0.category,p1_0.cost_price,p1_0.created_at,p1_0.current_price,p1_0.demand_velocity,p1_0.name,p1_0.reorder_threshold,p1_0.sku,p1_0.status,p1_0.stock_level,p1_0.updated_at,p1_0.version from products p1_0
Hibernate: select p1_0.id,p1_0.category,p1_0.cost_price,p1_0.created_at,p1_0.current_price,p1_0.demand_velocity,p1_0.name,p1_0.reorder_threshold,p1_0.sku,p1_0.status,p1_0.stock_level,p1_0.updated_at,p1_0.version from products p1_0 where p1_0.category=?
]]></system-out>
  </testcase>
  <testcase name="testUpdateStock" classname="com.stockpulse.ProductApiTest" time="0.019">
    <system-out><![CDATA[Hibernate: select p1_0.id,p1_0.category,p1_0.cost_price,p1_0.created_at,p1_0.current_price,p1_0.demand_velocity,p1_0.name,p1_0.reorder_threshold,p1_0.sku,p1_0.status,p1_0.stock_level,p1_0.updated_at,p1_0.version from products p1_0 where p1_0.sku=?
Hibernate: select p1_0.id,p1_0.category,p1_0.cost_price,p1_0.created_at,p1_0.current_price,p1_0.demand_velocity,p1_0.name,p1_0.reorder_threshold,p1_0.sku,p1_0.status,p1_0.stock_level,p1_0.updated_at,p1_0.version from products p1_0 where p1_0.id=?
Hibernate: insert into inventory_snapshots (captured_at,demand_velocity,product_id,stock_level,trigger_reason,id) values (?,?,?,?,?,default)
2026-09-01T14:00:21.593+05:30  INFO 17668 --- [stockpulse] [           main] com.stockpulse.service.ProductService    : Updated stock for product SKU-ELEC-002 (ID: 2) from 120 to 50
Hibernate: update products set category=?,cost_price=?,current_price=?,demand_velocity=?,name=?,reorder_threshold=?,sku=?,status=?,stock_level=?,updated_at=?,version=? where id=? and version=?
]]></system-out>
  </testcase>
  <testcase name="testSuggestPricingStream" classname="com.stockpulse.ProductApiTest" time="0.044">
    <system-out><![CDATA[Hibernate: select p1_0.id,p1_0.category,p1_0.cost_price,p1_0.created_at,p1_0.current_price,p1_0.demand_velocity,p1_0.name,p1_0.reorder_threshold,p1_0.sku,p1_0.status,p1_0.stock_level,p1_0.updated_at,p1_0.version from products p1_0 where p1_0.sku=?
Hibernate: select p1_0.id,p1_0.category,p1_0.cost_price,p1_0.created_at,p1_0.current_price,p1_0.demand_velocity,p1_0.name,p1_0.reorder_threshold,p1_0.sku,p1_0.status,p1_0.stock_level,p1_0.updated_at,p1_0.version from products p1_0 where p1_0.id=?
Hibernate: select avg(cast(p1_0.demand_velocity as float(53))) from products p1_0 where p1_0.category=?
Hibernate: insert into pricing_suggestions (confidence,created_at,current_price,decided_at,direction,product_id,reasoning,recommended_price,status,strategy,trigger_reason,id) values (?,?,?,?,?,?,?,?,?,?,?,default)
2026-09-01T14:00:21.632+05:30  INFO 17668 --- [stockpulse] [onPool-worker-1] c.stockpulse.service.SuggestionService   : Generated PricingSuggestion 4 for product SKU-ELEC-001 (ID: 1) with status PENDING, price 79.99 -> 79.99
Hibernate: update products set category=?,cost_price=?,current_price=?,demand_velocity=?,name=?,reorder_threshold=?,sku=?,status=?,stock_level=?,updated_at=?,version=? where id=? and version=?
]]></system-out>
  </testcase>
  <testcase name="testCreateProduct" classname="com.stockpulse.ProductApiTest" time="0.124">
    <system-out><![CDATA[Hibernate: select p1_0.id,p1_0.category,p1_0.cost_price,p1_0.created_at,p1_0.current_price,p1_0.demand_velocity,p1_0.name,p1_0.reorder_threshold,p1_0.sku,p1_0.status,p1_0.stock_level,p1_0.updated_at,p1_0.version from products p1_0 where p1_0.sku=?
Hibernate: insert into products (category,cost_price,created_at,current_price,demand_velocity,name,reorder_threshold,sku,status,stock_level,updated_at,version,id) values (?,?,?,?,?,?,?,?,?,?,?,?,default)
Hibernate: insert into inventory_snapshots (captured_at,demand_velocity,product_id,stock_level,trigger_reason,id) values (?,?,?,?,?,default)
2026-09-01T14:00:21.769+05:30  INFO 17668 --- [stockpulse] [           main] com.stockpulse.service.ProductService    : Created product SKU-TEST-001 (ID: 9)
]]></system-out>
  </testcase>
  <testcase name="testGetProductById" classname="com.stockpulse.ProductApiTest" time="0.013">
    <system-out><![CDATA[Hibernate: select p1_0.id,p1_0.category,p1_0.cost_price,p1_0.created_at,p1_0.current_price,p1_0.demand_velocity,p1_0.name,p1_0.reorder_threshold,p1_0.sku,p1_0.status,p1_0.stock_level,p1_0.updated_at,p1_0.version from products p1_0 where p1_0.sku=?
Hibernate: select p1_0.id,p1_0.category,p1_0.cost_price,p1_0.created_at,p1_0.current_price,p1_0.demand_velocity,p1_0.name,p1_0.reorder_threshold,p1_0.sku,p1_0.status,p1_0.stock_level,p1_0.updated_at,p1_0.version from products p1_0 where p1_0.id=?
]]></system-out>
  </testcase>
  <testcase name="testNotFoundAndValidationErrors" classname="com.stockpulse.ProductApiTest" time="0.026">
    <system-out><![CDATA[Hibernate: select p1_0.id,p1_0.category,p1_0.cost_price,p1_0.created_at,p1_0.current_price,p1_0.demand_velocity,p1_0.name,p1_0.reorder_threshold,p1_0.sku,p1_0.status,p1_0.stock_level,p1_0.updated_at,p1_0.version from products p1_0 where p1_0.id=?
]]></system-out>
  </testcase>
  <testcase name="testSimulateOrder" classname="com.stockpulse.ProductApiTest" time="0.017">
    <system-out><![CDATA[Hibernate: select p1_0.id,p1_0.category,p1_0.cost_price,p1_0.created_at,p1_0.current_price,p1_0.demand_velocity,p1_0.name,p1_0.reorder_threshold,p1_0.sku,p1_0.status,p1_0.stock_level,p1_0.updated_at,p1_0.version from products p1_0 where p1_0.sku=?
Hibernate: select p1_0.id,p1_0.category,p1_0.cost_price,p1_0.created_at,p1_0.current_price,p1_0.demand_velocity,p1_0.name,p1_0.reorder_threshold,p1_0.sku,p1_0.status,p1_0.stock_level,p1_0.updated_at,p1_0.version from products p1_0 where p1_0.id=?
Hibernate: update products set category=?,cost_price=?,current_price=?,demand_velocity=?,name=?,reorder_threshold=?,sku=?,status=?,stock_level=?,updated_at=?,version=? where id=? and version=?
Hibernate: select avg(cast(p1_0.demand_velocity as float(53))) from products p1_0 where p1_0.category=? and p1_0.id<>?
Hibernate: insert into inventory_snapshots (captured_at,demand_velocity,product_id,stock_level,trigger_reason,id) values (?,?,?,?,?,default)
2026-09-01T14:00:21.829+05:30  INFO 17668 --- [stockpulse] [           main] com.stockpulse.service.ProductService    : Recorded order for product SKU-APP-002 (ID: 4): qty=3, newStock=52, newVelocity=5, low=false, spike=false
]]></system-out>
  </testcase>
</testsuite>