<?xml version="1.0" encoding="UTF-8"?>
<testsuite xmlns:xsi="http://www.w3.org/2001/XMLSchema-instance" xsi:noNamespaceSchemaLocation="https://maven.apache.org/surefire/maven-surefire-plugin/xsd/surefire-test-report-3.0.xsd" version="3.0" name="com.stockpulse.EndToEndFlowTest" time="0.959" tests="2" errors="0" skipped="0" failures="0">
  <properties>
[...]
</properties>
  <testcase name="testCompleteLowInventoryEndToEndWalkthrough" classname="com.stockpulse.EndToEndFlowTest" time="0.517">
    <system-out><![CDATA[2026-09-01T14:00:20.574+05:30  INFO 17668 --- [stockpulse] [           main] t.c.s.AnnotationConfigContextLoaderUtils : Could not detect default configuration classes for test class [com.stockpulse.EndToEndFlowTest]: EndToEndFlowTest does not declare any static, non-private, non-final, nested classes annotated with @Configuration.
2026-09-01T14:00:20.580+05:30  INFO 17668 --- [stockpulse] [           main] .b.t.c.SpringBootTestContextBootstrapper : Found @SpringBootConfiguration com.stockpulse.StockpulseBackendApplication for test class com.stockpulse.EndToEndFlowTest
2026-09-01T14:00:20.589+05:30  INFO 17668 --- [stockpulse] [           main] c.s.engine.CommerceStrategyManager       : Switched commerce active strategy from RULE_BASED to RULE_BASED at runtime
Hibernate: select p1_0.id,p1_0.category,p1_0.cost_price,p1_0.created_at,p1_0.current_price,p1_0.demand_velocity,p1_0.name,p1_0.reorder_threshold,p1_0.sku,p1_0.status,p1_0.stock_level,p1_0.updated_at,p1_0.version from products p1_0 where p1_0.sku=?
Hibernate: select p1_0.id,p1_0.category,p1_0.cost_price,p1_0.created_at,p1_0.current_price,p1_0.demand_velocity,p1_0.name,p1_0.reorder_threshold,p1_0.sku,p1_0.status,p1_0.stock_level,p1_0.updated_at,p1_0.version from products p1_0 where p1_0.id=?
Hibernate: update products set category=?,cost_price=?,current_price=?,demand_velocity=?,name=?,reorder_threshold=?,sku=?,status=?,stock_level=?,updated_at=?,version=? where id=? and version=?
Hibernate: select avg(cast(p1_0.demand_velocity as float(53))) from products p1_0 where p1_0.category=? and p1_0.id<>?
Hibernate: insert into inventory_snapshots (captured_at,demand_velocity,product_id,stock_level,trigger_reason,id) values (?,?,?,?,?,default)
2026-09-01T14:00:20.621+05:30  INFO 17668 --- [stockpulse] [           main] com.stockpulse.service.ProductService    : Recorded order for product SKU-APP-001 (ID: 3): qty=2, newStock=6, newVelocity=14, low=true, spike=false
2026-09-01T14:00:20.625+05:30  INFO 17668 --- [stockpulse] [         task-1] c.s.loop.AgenticRecommendationListener   : Agentic Loop received trigger INVENTORY_LOW for product ID 3
Hibernate: select ps1_0.id from pricing_suggestions ps1_0 join products p1_0 on p1_0.id=ps1_0.product_id where p1_0.id=? and ps1_0.status=? and ps1_0.trigger_reason=? fetch first ? rows only
2026-09-01T14:00:20.628+05:30  INFO 17668 --- [stockpulse] [         task-1] c.s.loop.AgenticRecommendationListener   : Agentic Loop generating INVENTORY_LOW pricing suggestion for product ID 3
Hibernate: select p1_0.id,p1_0.category,p1_0.cost_price,p1_0.created_at,p1_0.current_price,p1_0.demand_velocity,p1_0.name,p1_0.reorder_threshold,p1_0.sku,p1_0.status,p1_0.stock_level,p1_0.updated_at,p1_0.version from products p1_0 where p1_0.id=?
Hibernate: select avg(cast(p1_0.demand_velocity as float(53))) from products p1_0 where p1_0.category=?
Hibernate: insert into pricing_suggestions (confidence,created_at,current_price,decided_at,direction,product_id,reasoning,recommended_price,status,strategy,trigger_reason,id) values (?,?,?,?,?,?,?,?,?,?,?,default)
2026-09-01T14:00:20.634+05:30  INFO 17668 --- [stockpulse] [         task-1] c.stockpulse.service.SuggestionService   : Generated PricingSuggestion 1 for product SKU-APP-001 (ID: 3) with status PENDING, price 24.99 -> 27.49
Hibernate: select rs1_0.id from reorder_suggestions rs1_0 join products p1_0 on p1_0.id=rs1_0.product_id where p1_0.id=? and rs1_0.status=? and rs1_0.trigger_reason=? fetch first ? rows only
2026-09-01T14:00:20.638+05:30  INFO 17668 --- [stockpulse] [         task-1] c.s.loop.AgenticRecommendationListener   : Agentic Loop generating INVENTORY_LOW reorder suggestion for product ID 3
Hibernate: select p1_0.id,p1_0.category,p1_0.cost_price,p1_0.created_at,p1_0.current_price,p1_0.demand_velocity,p1_0.name,p1_0.reorder_threshold,p1_0.sku,p1_0.status,p1_0.stock_level,p1_0.updated_at,p1_0.version from products p1_0 where p1_0.id=?
Hibernate: select avg(cast(p1_0.demand_velocity as float(53))) from products p1_0 where p1_0.category=?
Hibernate: insert into reorder_suggestions (confidence,created_at,current_stock,decided_at,product_id,reasoning,recommended_quantity,status,strategy,suggested_lead_time_days,trigger_reason,id) values (?,?,?,?,?,?,?,?,?,?,?,default)
2026-09-01T14:00:20.643+05:30  INFO 17668 --- [stockpulse] [         task-1] c.stockpulse.service.SuggestionService   : Generated ReorderSuggestion 1 for product SKU-APP-001 (ID: 3) with status PENDING, qty=39
Hibernate: select ps1_0.id,ps1_0.confidence,ps1_0.created_at,ps1_0.current_price,ps1_0.decided_at,ps1_0.direction,ps1_0.product_id,ps1_0.reasoning,ps1_0.recommended_price,ps1_0.status,ps1_0.strategy,ps1_0.trigger_reason from pricing_suggestions ps1_0 join products p1_0 on p1_0.id=ps1_0.product_id where p1_0.id=? order by ps1_0.created_at desc
Hibernate: select rs1_0.id,rs1_0.confidence,rs1_0.created_at,rs1_0.current_stock,rs1_0.decided_at,rs1_0.product_id,rs1_0.reasoning,rs1_0.recommended_quantity,rs1_0.status,rs1_0.strategy,rs1_0.suggested_lead_time_days,rs1_0.trigger_reason from reorder_suggestions rs1_0 join products p1_0 on p1_0.id=rs1_0.product_id where p1_0.id=? order by rs1_0.created_at desc
Hibernate: select ps1_0.id,ps1_0.confidence,ps1_0.created_at,ps1_0.current_price,ps1_0.decided_at,ps1_0.direction,ps1_0.product_id,ps1_0.reasoning,ps1_0.recommended_price,ps1_0.status,ps1_0.strategy,ps1_0.trigger_reason from pricing_suggestions ps1_0 where ps1_0.id=?
Hibernate: select p1_0.id,p1_0.category,p1_0.cost_price,p1_0.created_at,p1_0.current_price,p1_0.demand_velocity,p1_0.name,p1_0.reorder_threshold,p1_0.sku,p1_0.status,p1_0.stock_level,p1_0.updated_at,p1_0.version from products p1_0 where p1_0.id=?
2026-09-01T14:00:21.074+05:30  INFO 17668 --- [stockpulse] [           main] c.stockpulse.service.SuggestionService   : Pricing suggestion 1 ACCEPTED: Product SKU-APP-001 (ID: 3) price updated to 27.49
Hibernate: update pricing_suggestions set confidence=?,current_price=?,decided_at=?,direction=?,product_id=?,reasoning=?,recommended_price=?,status=?,strategy=?,trigger_reason=? where id=?
Hibernate: update products set category=?,cost_price=?,current_price=?,demand_velocity=?,name=?,reorder_threshold=?,sku=?,status=?,stock_level=?,updated_at=?,version=? where id=? and version=?
Hibernate: select p1_0.id,p1_0.category,p1_0.cost_price,p1_0.created_at,p1_0.current_price,p1_0.demand_velocity,p1_0.name,p1_0.reorder_threshold,p1_0.sku,p1_0.status,p1_0.stock_level,p1_0.updated_at,p1_0.version from products p1_0 where p1_0.id=?
Hibernate: select rs1_0.id,rs1_0.confidence,rs1_0.created_at,rs1_0.current_stock,rs1_0.decided_at,rs1_0.product_id,rs1_0.reasoning,rs1_0.recommended_quantity,rs1_0.status,rs1_0.strategy,rs1_0.suggested_lead_time_days,rs1_0.trigger_reason from reorder_suggestions rs1_0 where rs1_0.id=?
Hibernate: select p1_0.id,p1_0.category,p1_0.cost_price,p1_0.created_at,p1_0.current_price,p1_0.demand_velocity,p1_0.name,p1_0.reorder_threshold,p1_0.sku,p1_0.status,p1_0.stock_level,p1_0.updated_at,p1_0.version from products p1_0 where p1_0.id=?
Hibernate: insert into inventory_snapshots (captured_at,demand_velocity,product_id,stock_level,trigger_reason,id) values (?,?,?,?,?,default)
2026-09-01T14:00:21.092+05:30  INFO 17668 --- [stockpulse] [           main] c.stockpulse.service.SuggestionService   : Reorder suggestion 1 ACCEPTED: Product SKU-APP-001 (ID: 3) stock incremented from 6 to 45
Hibernate: update reorder_suggestions set confidence=?,current_stock=?,decided_at=?,product_id=?,reasoning=?,recommended_quantity=?,status=?,strategy=?,suggested_lead_time_days=?,trigger_reason=? where id=?
Hibernate: update products set category=?,cost_price=?,current_price=?,demand_velocity=?,name=?,reorder_threshold=?,sku=?,status=?,stock_level=?,updated_at=?,version=? where id=? and version=?
Hibernate: select p1_0.id,p1_0.category,p1_0.cost_price,p1_0.created_at,p1_0.current_price,p1_0.demand_velocity,p1_0.name,p1_0.reorder_threshold,p1_0.sku,p1_0.status,p1_0.stock_level,p1_0.updated_at,p1_0.version from products p1_0 where p1_0.id=?
]]></system-out>
  </testcase>
  <testcase name="testDemandSpikeAndRejectionWalkthrough" classname="com.stockpulse.EndToEndFlowTest" time="0.427">
    <system-out><![CDATA[2026-09-01T14:00:21.106+05:30  INFO 17668 --- [stockpulse] [           main] c.s.engine.CommerceStrategyManager       : Switched commerce active strategy from RULE_BASED to RULE_BASED at runtime
Hibernate: select p1_0.id,p1_0.category,p1_0.cost_price,p1_0.created_at,p1_0.current_price,p1_0.demand_velocity,p1_0.name,p1_0.reorder_threshold,p1_0.sku,p1_0.status,p1_0.stock_level,p1_0.updated_at,p1_0.version from products p1_0 where p1_0.sku=?
Hibernate: select p1_0.id,p1_0.category,p1_0.cost_price,p1_0.created_at,p1_0.current_price,p1_0.demand_velocity,p1_0.name,p1_0.reorder_threshold,p1_0.sku,p1_0.status,p1_0.stock_level,p1_0.updated_at,p1_0.version from products p1_0 where p1_0.id=?
Hibernate: update products set category=?,cost_price=?,current_price=?,demand_velocity=?,name=?,reorder_threshold=?,sku=?,status=?,stock_level=?,updated_at=?,version=? where id=? and version=?
Hibernate: select avg(cast(p1_0.demand_velocity as float(53))) from products p1_0 where p1_0.category=? and p1_0.id<>?
Hibernate: insert into inventory_snapshots (captured_at,demand_velocity,product_id,stock_level,trigger_reason,id) values (?,?,?,?,?,default)
2026-09-01T14:00:21.114+05:30  INFO 17668 --- [stockpulse] [           main] com.stockpulse.service.ProductService    : Recorded order for product SKU-APP-003 (ID: 8): qty=25, newStock=0, newVelocity=40, low=true, spike=true
2026-09-01T14:00:21.116+05:30  INFO 17668 --- [stockpulse] [         task-2] c.s.loop.AgenticRecommendationListener   : Agentic Loop received trigger INVENTORY_LOW for product ID 8
2026-09-01T14:00:21.116+05:30  INFO 17668 --- [stockpulse] [         task-3] c.s.loop.AgenticRecommendationListener   : Agentic Loop received trigger DEMAND_SPIKE for product ID 8
Hibernate: select ps1_0.id from pricing_suggestions ps1_0 join products p1_0 on p1_0.id=ps1_0.product_id where p1_0.id=? and ps1_0.status=? and ps1_0.trigger_reason=? fetch first ? rows only
Hibernate: select ps1_0.id from pricing_suggestions ps1_0 join products p1_0 on p1_0.id=ps1_0.product_id where p1_0.id=? and ps1_0.status=? and ps1_0.trigger_reason=? fetch first ? rows only
2026-09-01T14:00:21.118+05:30  INFO 17668 --- [stockpulse] [         task-2] c.s.loop.AgenticRecommendationListener   : Agentic Loop generating INVENTORY_LOW pricing suggestion for product ID 8
2026-09-01T14:00:21.118+05:30  INFO 17668 --- [stockpulse] [         task-3] c.s.loop.AgenticRecommendationListener   : Agentic Loop generating DEMAND_SPIKE pricing suggestion for product ID 8
Hibernate: select p1_0.id,p1_0.category,p1_0.cost_price,p1_0.created_at,p1_0.current_price,p1_0.demand_velocity,p1_0.name,p1_0.reorder_threshold,p1_0.sku,p1_0.status,p1_0.stock_level,p1_0.updated_at,p1_0.version from products p1_0 where p1_0.id=?
Hibernate: select p1_0.id,p1_0.category,p1_0.cost_price,p1_0.created_at,p1_0.current_price,p1_0.demand_velocity,p1_0.name,p1_0.reorder_threshold,p1_0.sku,p1_0.status,p1_0.stock_level,p1_0.updated_at,p1_0.version from products p1_0 where p1_0.id=?
Hibernate: select avg(cast(p1_0.demand_velocity as float(53))) from products p1_0 where p1_0.category=?
Hibernate: select avg(cast(p1_0.demand_velocity as float(53))) from products p1_0 where p1_0.category=?
Hibernate: insert into pricing_suggestions (confidence,created_at,current_price,decided_at,direction,product_id,reasoning,recommended_price,status,strategy,trigger_reason,id) values (?,?,?,?,?,?,?,?,?,?,?,default)
Hibernate: insert into pricing_suggestions (confidence,created_at,current_price,decided_at,direction,product_id,reasoning,recommended_price,status,strategy,trigger_reason,id) values (?,?,?,?,?,?,?,?,?,?,?,default)
2026-09-01T14:00:21.121+05:30  INFO 17668 --- [stockpulse] [         task-3] c.stockpulse.service.SuggestionService   : Generated PricingSuggestion 3 for product SKU-APP-003 (ID: 8) with status PENDING, price 54.99 -> 60.49
2026-09-01T14:00:21.121+05:30  INFO 17668 --- [stockpulse] [         task-2] c.stockpulse.service.SuggestionService   : Generated PricingSuggestion 2 for product SKU-APP-003 (ID: 8) with status PENDING, price 54.99 -> 60.49
Hibernate: select rs1_0.id from reorder_suggestions rs1_0 join products p1_0 on p1_0.id=rs1_0.product_id where p1_0.id=? and rs1_0.status=? and rs1_0.trigger_reason=? fetch first ? rows only
Hibernate: select rs1_0.id from reorder_suggestions rs1_0 join products p1_0 on p1_0.id=rs1_0.product_id where p1_0.id=? and rs1_0.status=? and rs1_0.trigger_reason=? fetch first ? rows only
2026-09-01T14:00:21.124+05:30  INFO 17668 --- [stockpulse] [         task-2] c.s.loop.AgenticRecommendationListener   : Agentic Loop generating INVENTORY_LOW reorder suggestion for product ID 8
2026-09-01T14:00:21.124+05:30  INFO 17668 --- [stockpulse] [         task-3] c.s.loop.AgenticRecommendationListener   : Agentic Loop generating DEMAND_SPIKE reorder suggestion for product ID 8
Hibernate: select p1_0.id,p1_0.category,p1_0.cost_price,p1_0.created_at,p1_0.current_price,p1_0.demand_velocity,p1_0.name,p1_0.reorder_threshold,p1_0.sku,p1_0.status,p1_0.stock_level,p1_0.updated_at,p1_0.version from products p1_0 where p1_0.id=?
Hibernate: select p1_0.id,p1_0.category,p1_0.cost_price,p1_0.created_at,p1_0.current_price,p1_0.demand_velocity,p1_0.name,p1_0.reorder_threshold,p1_0.sku,p1_0.status,p1_0.stock_level,p1_0.updated_at,p1_0.version from products p1_0 where p1_0.id=?
Hibernate: select avg(cast(p1_0.demand_velocity as float(53))) from products p1_0 where p1_0.category=?
Hibernate: select avg(cast(p1_0.demand_velocity as float(53))) from products p1_0 where p1_0.category=?
Hibernate: insert into reorder_suggestions (confidence,created_at,current_stock,decided_at,product_id,reasoning,recommended_quantity,status,strategy,suggested_lead_time_days,trigger_reason,id) values (?,?,?,?,?,?,?,?,?,?,?,default)
Hibernate: insert into reorder_suggestions (confidence,created_at,current_stock,decided_at,product_id,reasoning,recommended_quantity,status,strategy,suggested_lead_time_days,trigger_reason,id) values (?,?,?,?,?,?,?,?,?,?,?,default)
2026-09-01T14:00:21.128+05:30  INFO 17668 --- [stockpulse] [         task-3] c.stockpulse.service.SuggestionService   : Generated ReorderSuggestion 3 for product SKU-APP-003 (ID: 8) with status PENDING, qty=36
2026-09-01T14:00:21.128+05:30  INFO 17668 --- [stockpulse] [         task-2] c.stockpulse.service.SuggestionService   : Generated ReorderSuggestion 2 for product SKU-APP-003 (ID: 8) with status PENDING, qty=36
Hibernate: select ps1_0.id,ps1_0.confidence,ps1_0.created_at,ps1_0.current_price,ps1_0.decided_at,ps1_0.direction,ps1_0.product_id,ps1_0.reasoning,ps1_0.recommended_price,ps1_0.status,ps1_0.strategy,ps1_0.trigger_reason from pricing_suggestions ps1_0 join products p1_0 on p1_0.id=ps1_0.product_id where p1_0.id=? order by ps1_0.created_at desc
Hibernate: select ps1_0.id,ps1_0.confidence,ps1_0.created_at,ps1_0.current_price,ps1_0.decided_at,ps1_0.direction,ps1_0.product_id,ps1_0.reasoning,ps1_0.recommended_price,ps1_0.status,ps1_0.strategy,ps1_0.trigger_reason from pricing_suggestions ps1_0 where ps1_0.id=?
Hibernate: select p1_0.id,p1_0.category,p1_0.cost_price,p1_0.created_at,p1_0.current_price,p1_0.demand_velocity,p1_0.name,p1_0.reorder_threshold,p1_0.sku,p1_0.status,p1_0.stock_level,p1_0.updated_at,p1_0.version from products p1_0 where p1_0.id=?
2026-09-01T14:00:21.525+05:30  INFO 17668 --- [stockpulse] [           main] c.stockpulse.service.SuggestionService   : Pricing suggestion 2 REJECTED: Product SKU-APP-003 (ID: 8) price remains 54.99
Hibernate: update pricing_suggestions set confidence=?,current_price=?,decided_at=?,direction=?,product_id=?,reasoning=?,recommended_price=?,status=?,strategy=?,trigger_reason=? where id=?
Hibernate: select p1_0.id,p1_0.category,p1_0.cost_price,p1_0.created_at,p1_0.current_price,p1_0.demand_velocity,p1_0.name,p1_0.reorder_threshold,p1_0.sku,p1_0.status,p1_0.stock_level,p1_0.updated_at,p1_0.version from products p1_0 where p1_0.id=?
]]></system-out>
  </testcase>
</testsuite>