<?xml version="1.0" encoding="UTF-8"?>
<testsuite xmlns:xsi="http://www.w3.org/2001/XMLSchema-instance" xsi:noNamespaceSchemaLocation="https://maven.apache.org/surefire/maven-surefire-plugin/xsd/surefire-test-report-3.0.xsd" version="3.0" name="com.stockpulse.AiCommerceAdvisorTest" time="2.221" tests="4" errors="0" skipped="0" failures="0">
  <properties>
[...]
</properties>
  <testcase name="testAbsurdPriceFallsBackToRules" classname="com.stockpulse.AiCommerceAdvisorTest" time="0.059">
    <system-out><![CDATA[2026-09-01T14:00:16.678+05:30  INFO 17668 --- [stockpulse] [           main] t.c.s.AnnotationConfigContextLoaderUtils : Could not detect default configuration classes for test class [com.stockpulse.AiCommerceAdvisorTest]: AiCommerceAdvisorTest does not declare any static, non-private, non-final, nested classes annotated with @Configuration.
2026-09-01T14:00:16.680+05:30  INFO 17668 --- [stockpulse] [           main] .b.t.c.SpringBootTestContextBootstrapper : Found @SpringBootConfiguration com.stockpulse.StockpulseBackendApplication for test class com.stockpulse.AiCommerceAdvisorTest

  .   ____          _            __ _ _
 /\\ / ___'_ __ _ _(_)_ __  __ _ \ \ \ \
( ( )\___ | '_ | '_| | '_ \/ _` | \ \ \ \
 \\/  ___)| |_)| | | | | || (_| |  ) ) ) )
  '  |____| .__|_| |_|_| |_\__, | / / / /
 =========|_|==============|___/=/_/_/_/
 :: Spring Boot ::                (v3.2.4)

2026-09-01T14:00:16.755+05:30  INFO 17668 --- [stockpulse] [           main] com.stockpulse.AiCommerceAdvisorTest     : Starting AiCommerceAdvisorTest using Java 21.0.12.1 with PID 17668 (started by zycus in C:\StockPulse\backend)
2026-09-01T14:00:16.755+05:30  INFO 17668 --- [stockpulse] [           main] com.stockpulse.AiCommerceAdvisorTest     : No active profile set, falling back to 1 default profile: "default"
2026-09-01T14:00:17.012+05:30  INFO 17668 --- [stockpulse] [           main] .s.d.r.c.RepositoryConfigurationDelegate : Bootstrapping Spring Data JPA repositories in DEFAULT mode.
2026-09-01T14:00:17.026+05:30  INFO 17668 --- [stockpulse] [           main] .s.d.r.c.RepositoryConfigurationDelegate : Finished Spring Data repository scanning in 14 ms. Found 4 JPA repository interfaces.
2026-09-01T14:00:17.422+05:30  INFO 17668 --- [stockpulse] [           main] o.hibernate.jpa.internal.util.LogHelper  : HHH000204: Processing PersistenceUnitInfo [name: default]
2026-09-01T14:00:17.429+05:30  INFO 17668 --- [stockpulse] [           main] o.h.c.internal.RegionFactoryInitiator    : HHH000026: Second-level cache disabled
2026-09-01T14:00:17.439+05:30  INFO 17668 --- [stockpulse] [           main] o.s.o.j.p.SpringPersistenceUnitInfo      : No LoadTimeWeaver setup: ignoring JPA class transformer
2026-09-01T14:00:17.441+05:30  INFO 17668 --- [stockpulse] [           main] com.zaxxer.hikari.HikariDataSource       : HikariPool-2 - Starting...
2026-09-01T14:00:17.443+05:30  INFO 17668 --- [stockpulse] [           main] com.zaxxer.hikari.pool.HikariPool        : HikariPool-2 - Added connection conn10: url=jdbc:h2:mem:stockpulse user=SA
2026-09-01T14:00:17.443+05:30  INFO 17668 --- [stockpulse] [           main] com.zaxxer.hikari.HikariDataSource       : HikariPool-2 - Start completed.
2026-09-01T14:00:17.444+05:30  WARN 17668 --- [stockpulse] [           main] org.hibernate.orm.deprecation            : HHH90000025: H2Dialect does not need to be specified explicitly using 'hibernate.dialect' (remove the property setting and it will be selected by default)
2026-09-01T14:00:17.627+05:30  INFO 17668 --- [stockpulse] [           main] o.h.e.t.j.p.i.JtaPlatformInitiator       : HHH000489: No JTA platform available (set 'hibernate.transaction.jta.platform' to enable JTA platform integration)
Hibernate: drop table if exists inventory_snapshots cascade 
Hibernate: drop table if exists pricing_suggestions cascade 
Hibernate: drop table if exists products cascade 
Hibernate: drop table if exists reorder_suggestions cascade 
Hibernate: create table inventory_snapshots (demand_velocity integer not null, stock_level integer not null, captured_at timestamp(6) with time zone not null, id bigint generated by default as identity, product_id bigint not null, trigger_reason varchar(255) not null check (trigger_reason in ('INITIAL','INVENTORY_LOW','DEMAND_SPIKE','MANUAL')), primary key (id))
Hibernate: create table pricing_suggestions (confidence numeric(4,3) not null, current_price numeric(10,2) not null, recommended_price numeric(10,2) not null, created_at timestamp(6) with time zone not null, decided_at timestamp(6) with time zone, id bigint generated by default as identity, product_id bigint not null, strategy varchar(50), reasoning varchar(2000) not null, direction varchar(255) not null check (direction in ('INCREASE','DECREASE','HOLD')), status varchar(255) not null check (status in ('PENDING','ACCEPTED','REJECTED')), trigger_reason varchar(255) not null check (trigger_reason in ('INITIAL','INVENTORY_LOW','DEMAND_SPIKE','MANUAL')), primary key (id))
Hibernate: create table products (cost_price numeric(10,2), current_price numeric(10,2) not null, demand_velocity integer not null, reorder_threshold integer not null, stock_level integer not null, created_at timestamp(6) with time zone not null, id bigint generated by default as identity, updated_at timestamp(6) with time zone not null, version bigint, category varchar(255) not null check (category in ('ELECTRONICS','APPAREL','HOME')), name varchar(255) not null, sku varchar(255) not null unique, status varchar(255) not null check (status in ('ACTIVE','PRICE_REVIEW_PENDING','OUT_OF_STOCK')), primary key (id))
Hibernate: create table reorder_suggestions (confidence numeric(4,3) not null, current_stock integer not null, recommended_quantity integer not null, suggested_lead_time_days integer not null, created_at timestamp(6) with time zone not null, decided_at timestamp(6) with time zone, id bigint generated by default as identity, product_id bigint not null, strategy varchar(50), reasoning varchar(2000) not null, status varchar(255) not null check (status in ('PENDING','ACCEPTED','REJECTED')), trigger_reason varchar(255) not null check (trigger_reason in ('INITIAL','INVENTORY_LOW','DEMAND_SPIKE','MANUAL')), primary key (id))
Hibernate: alter table if exists inventory_snapshots add constraint FKriuoexoplscopu9hdt6ihm1aa foreign key (product_id) references products
Hibernate: alter table if exists pricing_suggestions add constraint FKjmg7mdn8xogpjjlg9rn6dflfn foreign key (product_id) references products
Hibernate: alter table if exists reorder_suggestions add constraint FK28actidnx0khv82mmo2bfy4hi foreign key (product_id) references products
2026-09-01T14:00:17.648+05:30  INFO 17668 --- [stockpulse] [           main] j.LocalContainerEntityManagerFactoryBean : Initialized JPA EntityManagerFactory for persistence unit 'default'
2026-09-01T14:00:17.860+05:30  INFO 17668 --- [stockpulse] [           main] c.s.engine.CommerceStrategyManager       : Initialized CommerceStrategyManager with active strategy: RULE_BASED, pricing strategies: [RULE_BASED, AI], reorder strategies: [RULE_BASED, AI]
2026-09-01T14:00:18.096+05:30  WARN 17668 --- [stockpulse] [           main] JpaBaseConfiguration$JpaWebConfiguration : spring.jpa.open-in-view is enabled by default. Therefore, database queries may be performed during view rendering. Explicitly configure spring.jpa.open-in-view to disable this warning
2026-09-01T14:00:18.676+05:30  INFO 17668 --- [stockpulse] [           main] o.s.b.a.h2.H2ConsoleAutoConfiguration    : H2 console available at '/h2-console'. Database available at 'jdbc:h2:mem:stockpulse'
2026-09-01T14:00:18.727+05:30  INFO 17668 --- [stockpulse] [           main] o.s.b.a.e.web.EndpointLinksResolver      : Exposing 1 endpoint(s) beneath base path '/actuator'
2026-09-01T14:00:18.763+05:30  INFO 17668 --- [stockpulse] [           main] com.stockpulse.AiCommerceAdvisorTest     : Started AiCommerceAdvisorTest in 2.078 seconds (process running for 11.219)
Hibernate: select count(*) from products p1_0
Hibernate: insert into products (category,cost_price,created_at,current_price,demand_velocity,name,reorder_threshold,sku,status,stock_level,updated_at,version,id) values (?,?,?,?,?,?,?,?,?,?,?,?,default)
Hibernate: insert into products (category,cost_price,created_at,current_price,demand_velocity,name,reorder_threshold,sku,status,stock_level,updated_at,version,id) values (?,?,?,?,?,?,?,?,?,?,?,?,default)
Hibernate: insert into products (category,cost_price,created_at,current_price,demand_velocity,name,reorder_threshold,sku,status,stock_level,updated_at,version,id) values (?,?,?,?,?,?,?,?,?,?,?,?,default)
Hibernate: insert into products (category,cost_price,created_at,current_price,demand_velocity,name,reorder_threshold,sku,status,stock_level,updated_at,version,id) values (?,?,?,?,?,?,?,?,?,?,?,?,default)
Hibernate: insert into products (category,cost_price,created_at,current_price,demand_velocity,name,reorder_threshold,sku,status,stock_level,updated_at,version,id) values (?,?,?,?,?,?,?,?,?,?,?,?,default)
Hibernate: insert into products (category,cost_price,created_at,current_price,demand_velocity,name,reorder_threshold,sku,status,stock_level,updated_at,version,id) values (?,?,?,?,?,?,?,?,?,?,?,?,default)
Hibernate: insert into products (category,cost_price,created_at,current_price,demand_velocity,name,reorder_threshold,sku,status,stock_level,updated_at,version,id) values (?,?,?,?,?,?,?,?,?,?,?,?,default)
Hibernate: insert into products (category,cost_price,created_at,current_price,demand_velocity,name,reorder_threshold,sku,status,stock_level,updated_at,version,id) values (?,?,?,?,?,?,?,?,?,?,?,?,default)
Hibernate: insert into inventory_snapshots (captured_at,demand_velocity,product_id,stock_level,trigger_reason,id) values (?,?,?,?,?,default)
Hibernate: insert into inventory_snapshots (captured_at,demand_velocity,product_id,stock_level,trigger_reason,id) values (?,?,?,?,?,default)
Hibernate: insert into inventory_snapshots (captured_at,demand_velocity,product_id,stock_level,trigger_reason,id) values (?,?,?,?,?,default)
Hibernate: insert into inventory_snapshots (captured_at,demand_velocity,product_id,stock_level,trigger_reason,id) values (?,?,?,?,?,default)
Hibernate: insert into inventory_snapshots (captured_at,demand_velocity,product_id,stock_level,trigger_reason,id) values (?,?,?,?,?,default)
Hibernate: insert into inventory_snapshots (captured_at,demand_velocity,product_id,stock_level,trigger_reason,id) values (?,?,?,?,?,default)
Hibernate: insert into inventory_snapshots (captured_at,demand_velocity,product_id,stock_level,trigger_reason,id) values (?,?,?,?,?,default)
Hibernate: insert into inventory_snapshots (captured_at,demand_velocity,product_id,stock_level,trigger_reason,id) values (?,?,?,?,?,default)
2026-09-01T14:00:18.791+05:30  INFO 17668 --- [stockpulse] [           main] com.stockpulse.bootstrap.DataSeeder      : Seeded 8 products with initial inventory snapshots
2026-09-01T14:00:18.853+05:30  WARN 17668 --- [stockpulse] [           main] com.stockpulse.ai.AiCommerceAdvisor      : AI recommended price $999999.00 outside sane bounds [$10.0000, $150.0000]. Falling back to rules.
]]></system-out>
  </testcase>
  <testcase name="testAiPricingLowInventory" classname="com.stockpulse.AiCommerceAdvisorTest" time="0.009"/>
  <testcase name="testMalformedJsonFallsBackToRules" classname="com.stockpulse.AiCommerceAdvisorTest" time="0.015">
    <system-out><![CDATA[2026-09-01T14:00:18.876+05:30 ERROR 17668 --- [stockpulse] [           main] com.stockpulse.ai.AiCommerceAdvisor      : Failed to parse AI pricing JSON: Not valid JSON at all

com.fasterxml.jackson.core.JsonParseException: Unrecognized token 'Not': was expecting (JSON String, Number, Array, Object or token 'null', 'true' or 'false')
 at [Source: (String)"Not valid JSON at all"; line: 1, column: 4]
	at com.fasterxml.jackson.core.JsonParser._constructError(JsonParser.java:2477) ~[jackson-core-2.15.4.jar:2.15.4]
	at com.fasterxml.jackson.core.base.ParserMinimalBase._reportError(ParserMinimalBase.java:760) ~[jackson-core-2.15.4.jar:2.15.4]
	at com.fasterxml.jackson.core.json.ReaderBasedJsonParser._reportInvalidToken(ReaderBasedJsonParser.java:3041) ~[jackson-core-2.15.4.jar:2.15.4]
	at com.fasterxml.jackson.core.json.ReaderBasedJsonParser._reportInvalidToken(ReaderBasedJsonParser.java:3019) ~[jackson-core-2.15.4.jar:2.15.4]
	at com.fasterxml.jackson.core.json.ReaderBasedJsonParser._matchToken(ReaderBasedJsonParser.java:2793) ~[jackson-core-2.15.4.jar:2.15.4]
	at com.fasterxml.jackson.core.json.ReaderBasedJsonParser._handleOddValue(ReaderBasedJsonParser.java:2059) ~[jackson-core-2.15.4.jar:2.15.4]
	at com.fasterxml.jackson.core.json.ReaderBasedJsonParser.nextToken(ReaderBasedJsonParser.java:808) ~[jackson-core-2.15.4.jar:2.15.4]
	at com.fasterxml.jackson.databind.ObjectMapper._readTreeAndClose(ObjectMapper.java:4854) ~[jackson-databind-2.15.4.jar:2.15.4]
	at com.fasterxml.jackson.databind.ObjectMapper.readTree(ObjectMapper.java:3219) ~[jackson-databind-2.15.4.jar:2.15.4]
	at com.stockpulse.ai.AiCommerceAdvisor.parseAndValidatePricing(AiCommerceAdvisor.java:179) ~[classes/:na]
	at com.stockpulse.ai.AiCommerceAdvisor.recommendPricing(AiCommerceAdvisor.java:33) ~[classes/:na]
	at com.stockpulse.AiCommerceAdvisorTest.testMalformedJsonFallsBackToRules(AiCommerceAdvisorTest.java:108) ~[test-classes/:na]
	at java.base/jdk.internal.reflect.DirectMethodHandleAccessor.invoke(DirectMethodHandleAccessor.java:103) ~[na:na]
	at java.base/java.lang.reflect.Method.invoke(Method.java:580) ~[na:na]
	at org.junit.platform.commons.util.ReflectionUtils.invokeMethod(ReflectionUtils.java:728) ~[junit-platform-commons-1.10.2.jar:1.10.2]
	at org.junit.jupiter.engine.execution.MethodInvocation.proceed(MethodInvocation.java:60) ~[junit-jupiter-engine-5.10.2.jar:5.10.2]
	at org.junit.jupiter.engine.execution.InvocationInterceptorChain$ValidatingInvocation.proceed(InvocationInterceptorChain.java:131) ~[junit-jupiter-engine-5.10.2.jar:5.10.2]
	at org.junit.jupiter.engine.extension.TimeoutExtension.intercept(TimeoutExtension.java:156) ~[junit-jupiter-engine-5.10.2.jar:5.10.2]
	at org.junit.jupiter.engine.extension.TimeoutExtension.interceptTestableMethod(TimeoutExtension.java:147) ~[junit-jupiter-engine-5.10.2.jar:5.10.2]
	at org.junit.jupiter.engine.extension.TimeoutExtension.interceptTestMethod(TimeoutExtension.java:86) ~[junit-jupiter-engine-5.10.2.jar:5.10.2]
	at org.junit.jupiter.engine.execution.InterceptingExecutableInvoker$ReflectiveInterceptorCall.lambda$ofVoidMethod$0(InterceptingExecutableInvoker.java:103) ~[junit-jupiter-engine-5.10.2.jar:5.10.2]
	at org.junit.jupiter.engine.execution.InterceptingExecutableInvoker.lambda$invoke$0(InterceptingExecutableInvoker.java:93) ~[junit-jupiter-engine-5.10.2.jar:5.10.2]
	at org.junit.jupiter.engine.execution.InvocationInterceptorChain$InterceptedInvocation.proceed(InvocationInterceptorChain.java:106) ~[junit-jupiter-engine-5.10.2.jar:5.10.2]
	at org.junit.jupiter.engine.execution.InvocationInterceptorChain.proceed(InvocationInterceptorChain.java:64) ~[junit-jupiter-engine-5.10.2.jar:5.10.2]
	at org.junit.jupiter.engine.execution.InvocationInterceptorChain.chainAndInvoke(InvocationInterceptorChain.java:45) ~[junit-jupiter-engine-5.10.2.jar:5.10.2]
	at org.junit.jupiter.engine.execution.InvocationInterceptorChain.invoke(InvocationInterceptorChain.java:37) ~[junit-jupiter-engine-5.10.2.jar:5.10.2]
	at org.junit.jupiter.engine.execution.InterceptingExecutableInvoker.invoke(InterceptingExecutableInvoker.java:92) ~[junit-jupiter-engine-5.10.2.jar:5.10.2]
	at org.junit.jupiter.engine.execution.InterceptingExecutableInvoker.invoke(InterceptingExecutableInvoker.java:86) ~[junit-jupiter-engine-5.10.2.jar:5.10.2]
	at org.junit.jupiter.engine.descriptor.TestMethodTestDescriptor.lambda$invokeTestMethod$7(TestMethodTestDescriptor.java:218) ~[junit-jupiter-engine-5.10.2.jar:5.10.2]
	at org.junit.platform.engine.support.hierarchical.ThrowableCollector.execute(ThrowableCollector.java:73) ~[junit-platform-engine-1.10.2.jar:1.10.2]
	at org.junit.jupiter.engine.descriptor.TestMethodTestDescriptor.invokeTestMethod(TestMethodTestDescriptor.java:214) ~[junit-jupiter-engine-5.10.2.jar:5.10.2]
	at org.junit.jupiter.engine.descriptor.TestMethodTestDescriptor.execute(TestMethodTestDescriptor.java:139) ~[junit-jupiter-engine-5.10.2.jar:5.10.2]
	at org.junit.jupiter.engine.descriptor.TestMethodTestDescriptor.execute(TestMethodTestDescriptor.java:69) ~[junit-jupiter-engine-5.10.2.jar:5.10.2]
	at org.junit.platform.engine.support.hierarchical.NodeTestTask.lambda$executeRecursively$6(NodeTestTask.java:151) ~[junit-platform-engine-1.10.2.jar:1.10.2]
	at org.junit.platform.engine.support.hierarchical.ThrowableCollector.execute(ThrowableCollector.java:73) ~[junit-platform-engine-1.10.2.jar:1.10.2]
	at org.junit.platform.engine.support.hierarchical.NodeTestTask.lambda$executeRecursively$8(NodeTestTask.java:141) ~[junit-platform-engine-1.10.2.jar:1.10.2]
	at org.junit.platform.engine.support.hierarchical.Node.around(Node.java:137) ~[junit-platform-engine-1.10.2.jar:1.10.2]
	at org.junit.platform.engine.support.hierarchical.NodeTestTask.lambda$executeRecursively$9(NodeTestTask.java:139) ~[junit-platform-engine-1.10.2.jar:1.10.2]
	at org.junit.platform.engine.support.hierarchical.ThrowableCollector.execute(ThrowableCollector.java:73) ~[junit-platform-engine-1.10.2.jar:1.10.2]
	at org.junit.platform.engine.support.hierarchical.NodeTestTask.executeRecursively(NodeTestTask.java:138) ~[junit-platform-engine-1.10.2.jar:1.10.2]
	at org.junit.platform.engine.support.hierarchical.NodeTestTask.execute(NodeTestTask.java:95) ~[junit-platform-engine-1.10.2.jar:1.10.2]
	at java.base/java.util.ArrayList.forEach(ArrayList.java:1596) ~[na:na]
	at org.junit.platform.engine.support.hierarchical.SameThreadHierarchicalTestExecutorService.invokeAll(SameThreadHierarchicalTestExecutorService.java:41) ~[junit-platform-engine-1.10.2.jar:1.10.2]
	at org.junit.platform.engine.support.hierarchical.NodeTestTask.lambda$executeRecursively$6(NodeTestTask.java:155) ~[junit-platform-engine-1.10.2.jar:1.10.2]
	at org.junit.platform.engine.support.hierarchical.ThrowableCollector.execute(ThrowableCollector.java:73) ~[junit-platform-engine-1.10.2.jar:1.10.2]
	at org.junit.platform.engine.support.hierarchical.NodeTestTask.lambda$executeRecursively$8(NodeTestTask.java:141) ~[junit-platform-engine-1.10.2.jar:1.10.2]
	at org.junit.platform.engine.support.hierarchical.Node.around(Node.java:137) ~[junit-platform-engine-1.10.2.jar:1.10.2]
	at org.junit.platform.engine.support.hierarchical.NodeTestTask.lambda$executeRecursively$9(NodeTestTask.java:139) ~[junit-platform-engine-1.10.2.jar:1.10.2]
	at org.junit.platform.engine.support.hierarchical.ThrowableCollector.execute(ThrowableCollector.java:73) ~[junit-platform-engine-1.10.2.jar:1.10.2]
	at org.junit.platform.engine.support.hierarchical.NodeTestTask.executeRecursively(NodeTestTask.java:138) ~[junit-platform-engine-1.10.2.jar:1.10.2]
	at org.junit.platform.engine.support.hierarchical.NodeTestTask.execute(NodeTestTask.java:95) ~[junit-platform-engine-1.10.2.jar:1.10.2]
	at java.base/java.util.ArrayList.forEach(ArrayList.java:1596) ~[na:na]
	at org.junit.platform.engine.support.hierarchical.SameThreadHierarchicalTestExecutorService.invokeAll(SameThreadHierarchicalTestExecutorService.java:41) ~[junit-platform-engine-1.10.2.jar:1.10.2]
	at org.junit.platform.engine.support.hierarchical.NodeTestTask.lambda$executeRecursively$6(NodeTestTask.java:155) ~[junit-platform-engine-1.10.2.jar:1.10.2]
	at org.junit.platform.engine.support.hierarchical.ThrowableCollector.execute(ThrowableCollector.java:73) ~[junit-platform-engine-1.10.2.jar:1.10.2]
	at org.junit.platform.engine.support.hierarchical.NodeTestTask.lambda$executeRecursively$8(NodeTestTask.java:141) ~[junit-platform-engine-1.10.2.jar:1.10.2]
	at org.junit.platform.engine.support.hierarchical.Node.around(Node.java:137) ~[junit-platform-engine-1.10.2.jar:1.10.2]
	at org.junit.platform.engine.support.hierarchical.NodeTestTask.lambda$executeRecursively$9(NodeTestTask.java:139) ~[junit-platform-engine-1.10.2.jar:1.10.2]
	at org.junit.platform.engine.support.hierarchical.ThrowableCollector.execute(ThrowableCollector.java:73) ~[junit-platform-engine-1.10.2.jar:1.10.2]
	at org.junit.platform.engine.support.hierarchical.NodeTestTask.executeRecursively(NodeTestTask.java:138) ~[junit-platform-engine-1.10.2.jar:1.10.2]
	at org.junit.platform.engine.support.hierarchical.NodeTestTask.execute(NodeTestTask.java:95) ~[junit-platform-engine-1.10.2.jar:1.10.2]
	at org.junit.platform.engine.support.hierarchical.SameThreadHierarchicalTestExecutorService.submit(SameThreadHierarchicalTestExecutorService.java:35) ~[junit-platform-engine-1.10.2.jar:1.10.2]
	at org.junit.platform.engine.support.hierarchical.HierarchicalTestExecutor.execute(HierarchicalTestExecutor.java:57) ~[junit-platform-engine-1.10.2.jar:1.10.2]
	at org.junit.platform.engine.support.hierarchical.HierarchicalTestEngine.execute(HierarchicalTestEngine.java:54) ~[junit-platform-engine-1.10.2.jar:1.10.2]
	at org.junit.platform.launcher.core.EngineExecutionOrchestrator.execute(EngineExecutionOrchestrator.java:198) ~[junit-platform-launcher-1.10.2.jar:1.10.2]
	at org.junit.platform.launcher.core.EngineExecutionOrchestrator.execute(EngineExecutionOrchestrator.java:169) ~[junit-platform-launcher-1.10.2.jar:1.10.2]
	at org.junit.platform.launcher.core.EngineExecutionOrchestrator.execute(EngineExecutionOrchestrator.java:93) ~[junit-platform-launcher-1.10.2.jar:1.10.2]
	at org.junit.platform.launcher.core.EngineExecutionOrchestrator.lambda$execute$0(EngineExecutionOrchestrator.java:58) ~[junit-platform-launcher-1.10.2.jar:1.10.2]
	at org.junit.platform.launcher.core.EngineExecutionOrchestrator.withInterceptedStreams(EngineExecutionOrchestrator.java:141) ~[junit-platform-launcher-1.10.2.jar:1.10.2]
	at org.junit.platform.launcher.core.EngineExecutionOrchestrator.execute(EngineExecutionOrchestrator.java:57) ~[junit-platform-launcher-1.10.2.jar:1.10.2]
	at org.junit.platform.launcher.core.DefaultLauncher.execute(DefaultLauncher.java:103) ~[junit-platform-launcher-1.10.2.jar:1.10.2]
	at org.junit.platform.launcher.core.DefaultLauncher.execute(DefaultLauncher.java:85) ~[junit-platform-launcher-1.10.2.jar:1.10.2]
	at org.junit.platform.launcher.core.DelegatingLauncher.execute(DelegatingLauncher.java:47) ~[junit-platform-launcher-1.10.2.jar:1.10.2]
	at org.apache.maven.surefire.junitplatform.LazyLauncher.execute(LazyLauncher.java:56) ~[surefire-junit-platform-3.1.2.jar:3.1.2]
	at org.apache.maven.surefire.junitplatform.JUnitPlatformProvider.execute(JUnitPlatformProvider.java:184) ~[surefire-junit-platform-3.1.2.jar:3.1.2]
	at org.apache.maven.surefire.junitplatform.JUnitPlatformProvider.invokeAllTests(JUnitPlatformProvider.java:148) ~[surefire-junit-platform-3.1.2.jar:3.1.2]
	at org.apache.maven.surefire.junitplatform.JUnitPlatformProvider.invoke(JUnitPlatformProvider.java:122) ~[surefire-junit-platform-3.1.2.jar:3.1.2]
	at org.apache.maven.surefire.booter.ForkedBooter.runSuitesInProcess(ForkedBooter.java:385) ~[surefire-booter-3.1.2.jar:3.1.2]
	at org.apache.maven.surefire.booter.ForkedBooter.execute(ForkedBooter.java:162) ~[surefire-booter-3.1.2.jar:3.1.2]
	at org.apache.maven.surefire.booter.ForkedBooter.run(ForkedBooter.java:507) ~[surefire-booter-3.1.2.jar:3.1.2]
	at org.apache.maven.surefire.booter.ForkedBooter.main(ForkedBooter.java:495) ~[surefire-booter-3.1.2.jar:3.1.2]

2026-09-01T14:00:18.882+05:30  WARN 17668 --- [stockpulse] [           main] com.stockpulse.ai.AiCommerceAdvisor      : AI Pricing Advisor failed for product TEST-AI-3 (ID: null): Malformed JSON from LLM. Falling back to Rule-Based Strategy.
]]></system-out>
  </testcase>
  <testcase name="testAiReorderRecommendation" classname="com.stockpulse.AiCommerceAdvisorTest" time="0.009"/>
</testsuite>